2023/11/10 20:30:09 [notice] 1#1: using the "epoll" event method
2023/11/10 20:30:09 [notice] 1#1: nginx/1.25.2
2023/11/10 20:30:09 [notice] 1#1: built by gcc 12.2.1 20220924 (Alpine 12.2.1_git20220924-r10) 
2023/11/10 20:30:09 [notice] 1#1: OS: Linux 6.4.16-linuxkit
2023/11/10 20:30:09 [notice] 1#1: getrlimit(RLIMIT_NOFILE): 1048576:1048576
2023/11/10 20:30:09 [notice] 1#1: start worker processes
2023/11/10 20:30:09 [notice] 1#1: start worker process 20
2023/11/10 20:30:09 [notice] 1#1: start worker process 21
2023/11/10 20:30:09 [notice] 1#1: start worker process 22
2023/11/10 20:30:09 [notice] 1#1: start worker process 23
2023/11/10 20:30:09 [notice] 1#1: start worker process 24
2023/11/10 20:30:09 [notice] 1#1: start worker process 25
2023/11/10 20:30:09 [notice] 1#1: start worker process 26
2023/11/10 20:30:09 [notice] 1#1: start worker process 27
2023/11/10 20:30:09 [notice] 1#1: start worker process 28
2023/11/10 20:30:09 [notice] 1#1: start worker process 29
2023/11/10 20:33:23 [notice] 1#1: signal 3 (SIGQUIT) received, shutting down
2023/11/10 20:33:23 [notice] 20#20: gracefully shutting down
2023/11/10 20:33:23 [notice] 22#22: gracefully shutting down
2023/11/10 20:33:23 [notice] 21#21: gracefully shutting down
2023/11/10 20:33:23 [notice] 24#24: gracefully shutting down
2023/11/10 20:33:23 [notice] 23#23: gracefully shutting down
2023/11/10 20:33:23 [notice] 26#26: gracefully shutting down
2023/11/10 20:33:23 [notice] 25#25: gracefully shutting down
2023/11/10 20:33:23 [notice] 28#28: gracefully shutting down
2023/11/10 20:33:23 [notice] 28#28: exiting
2023/11/10 20:33:23 [notice] 27#27: gracefully shutting down
2023/11/10 20:33:23 [notice] 29#29: gracefully shutting down
2023/11/10 20:33:23 [notice] 20#20: exiting
2023/11/10 20:33:23 [notice] 22#22: exiting
2023/11/10 20:33:23 [notice] 21#21: exiting
2023/11/10 20:33:23 [notice] 24#24: exiting
2023/11/10 20:33:23 [notice] 23#23: exiting
2023/11/10 20:33:23 [notice] 26#26: exiting
2023/11/10 20:33:23 [notice] 23#23: exit
2023/11/10 20:33:23 [notice] 25#25: exiting
2023/11/10 20:33:23 [notice] 28#28: exit
2023/11/10 20:33:23 [notice] 27#27: exiting
2023/11/10 20:33:23 [notice] 29#29: exiting
2023/11/10 20:33:23 [notice] 20#20: exit
2023/11/10 20:33:23 [notice] 22#22: exit
2023/11/10 20:33:23 [notice] 21#21: exit
2023/11/10 20:33:23 [notice] 24#24: exit
2023/11/10 20:33:23 [notice] 26#26: exit
2023/11/10 20:33:23 [notice] 25#25: exit
2023/11/10 20:33:23 [notice] 27#27: exit
2023/11/10 20:33:23 [notice] 29#29: exit
2023/11/10 20:33:23 [notice] 1#1: signal 17 (SIGCHLD) received from 23
2023/11/10 20:33:23 [notice] 1#1: worker process 21 exited with code 0
2023/11/10 20:33:23 [notice] 1#1: worker process 23 exited with code 0
2023/11/10 20:33:23 [notice] 1#1: worker process 25 exited with code 0
2023/11/10 20:33:23 [notice] 1#1: worker process 28 exited with code 0
2023/11/10 20:33:23 [notice] 1#1: signal 29 (SIGIO) received
2023/11/10 20:33:23 [notice] 1#1: signal 17 (SIGCHLD) received from 24
2023/11/10 20:33:23 [notice] 1#1: worker process 20 exited with code 0
2023/11/10 20:33:23 [notice] 1#1: worker process 22 exited with code 0
2023/11/10 20:33:23 [notice] 1#1: worker process 24 exited with code 0
2023/11/10 20:33:23 [notice] 1#1: worker process 26 exited with code 0
2023/11/10 20:33:23 [notice] 1#1: worker process 27 exited with code 0
2023/11/10 20:33:23 [notice] 1#1: worker process 29 exited with code 0
2023/11/10 20:33:23 [notice] 1#1: exit
2023/11/10 20:33:59 [notice] 1#1: using the "epoll" event method
2023/11/10 20:33:59 [notice] 1#1: nginx/1.25.2
2023/11/10 20:33:59 [notice] 1#1: built by gcc 12.2.1 20220924 (Alpine 12.2.1_git20220924-r10) 
2023/11/10 20:33:59 [notice] 1#1: OS: Linux 6.4.16-linuxkit
2023/11/10 20:33:59 [notice] 1#1: getrlimit(RLIMIT_NOFILE): 1048576:1048576
2023/11/10 20:33:59 [notice] 1#1: start worker processes
2023/11/10 20:33:59 [notice] 1#1: start worker process 20
2023/11/10 20:33:59 [notice] 1#1: start worker process 21
2023/11/10 20:33:59 [notice] 1#1: start worker process 22
2023/11/10 20:33:59 [notice] 1#1: start worker process 23
2023/11/10 20:33:59 [notice] 1#1: start worker process 24
2023/11/10 20:33:59 [notice] 1#1: start worker process 25
2023/11/10 20:33:59 [notice] 1#1: start worker process 26
2023/11/10 20:33:59 [notice] 1#1: start worker process 27
2023/11/10 20:33:59 [notice] 1#1: start worker process 28
2023/11/10 20:33:59 [notice] 1#1: start worker process 29
2023/11/10 20:36:05 [notice] 1#1: signal 3 (SIGQUIT) received, shutting down
2023/11/10 20:36:05 [notice] 23#23: gracefully shutting down
2023/11/10 20:36:05 [notice] 24#24: gracefully shutting down
2023/11/10 20:36:05 [notice] 22#22: gracefully shutting down
2023/11/10 20:36:05 [notice] 20#20: gracefully shutting down
2023/11/10 20:36:05 [notice] 21#21: gracefully shutting down
2023/11/10 20:36:05 [notice] 20#20: exiting
2023/11/10 20:36:05 [notice] 25#25: gracefully shutting down
2023/11/10 20:36:05 [notice] 26#26: gracefully shutting down
2023/11/10 20:36:05 [notice] 20#20: exit
2023/11/10 20:36:05 [notice] 28#28: gracefully shutting down
2023/11/10 20:36:05 [notice] 29#29: gracefully shutting down
2023/11/10 20:36:05 [notice] 28#28: exiting
2023/11/10 20:36:05 [notice] 27#27: gracefully shutting down
2023/11/10 20:36:05 [notice] 23#23: exiting
2023/11/10 20:36:05 [notice] 24#24: exiting
2023/11/10 20:36:05 [notice] 23#23: exit
2023/11/10 20:36:05 [notice] 22#22: exiting
2023/11/10 20:36:05 [notice] 21#21: exiting
2023/11/10 20:36:05 [notice] 25#25: exiting
2023/11/10 20:36:05 [notice] 21#21: exit
2023/11/10 20:36:05 [notice] 26#26: exiting
2023/11/10 20:36:05 [notice] 29#29: exiting
2023/11/10 20:36:05 [notice] 28#28: exit
2023/11/10 20:36:05 [notice] 27#27: exiting
2023/11/10 20:36:05 [notice] 24#24: exit
2023/11/10 20:36:05 [notice] 22#22: exit
2023/11/10 20:36:05 [notice] 25#25: exit
2023/11/10 20:36:05 [notice] 26#26: exit
2023/11/10 20:36:05 [notice] 29#29: exit
2023/11/10 20:36:05 [notice] 27#27: exit
2023/11/10 20:36:05 [notice] 1#1: signal 17 (SIGCHLD) received from 23
2023/11/10 20:36:05 [notice] 1#1: worker process 23 exited with code 0
2023/11/10 20:36:05 [notice] 1#1: signal 29 (SIGIO) received
2023/11/10 20:36:05 [notice] 1#1: signal 17 (SIGCHLD) received from 20
2023/11/10 20:36:05 [notice] 1#1: worker process 20 exited with code 0
2023/11/10 20:36:05 [notice] 1#1: worker process 21 exited with code 0
2023/11/10 20:36:05 [notice] 1#1: signal 29 (SIGIO) received
2023/11/10 20:36:05 [notice] 1#1: signal 17 (SIGCHLD) received from 26
2023/11/10 20:36:05 [notice] 1#1: worker process 24 exited with code 0
2023/11/10 20:36:05 [notice] 1#1: worker process 25 exited with code 0
2023/11/10 20:36:05 [notice] 1#1: worker process 26 exited with code 0
2023/11/10 20:36:05 [notice] 1#1: worker process 27 exited with code 0
2023/11/10 20:36:05 [notice] 1#1: worker process 22 exited with code 0
2023/11/10 20:36:05 [notice] 1#1: worker process 28 exited with code 0
2023/11/10 20:36:05 [notice] 1#1: worker process 29 exited with code 0
2023/11/10 20:36:05 [notice] 1#1: exit
2023/11/10 20:38:49 [notice] 1#1: using the "epoll" event method
2023/11/10 20:38:49 [notice] 1#1: nginx/1.25.2
2023/11/10 20:38:49 [notice] 1#1: built by gcc 12.2.1 20220924 (Alpine 12.2.1_git20220924-r10) 
2023/11/10 20:38:49 [notice] 1#1: OS: Linux 6.4.16-linuxkit
2023/11/10 20:38:49 [notice] 1#1: getrlimit(RLIMIT_NOFILE): 1048576:1048576
2023/11/10 20:38:49 [notice] 1#1: start worker processes
2023/11/10 20:38:49 [notice] 1#1: start worker process 20
2023/11/10 20:38:49 [notice] 1#1: start worker process 21
2023/11/10 20:38:49 [notice] 1#1: start worker process 22
2023/11/10 20:38:49 [notice] 1#1: start worker process 23
2023/11/10 20:38:49 [notice] 1#1: start worker process 24
2023/11/10 20:38:49 [notice] 1#1: start worker process 25
2023/11/10 20:38:49 [notice] 1#1: start worker process 26
2023/11/10 20:38:49 [notice] 1#1: start worker process 27
2023/11/10 20:38:49 [notice] 1#1: start worker process 28
2023/11/10 20:38:49 [notice] 1#1: start worker process 29
2023/11/10 20:39:54 [notice] 1#1: signal 3 (SIGQUIT) received, shutting down
2023/11/10 20:39:54 [notice] 21#21: gracefully shutting down
2023/11/10 20:39:54 [notice] 22#22: gracefully shutting down
2023/11/10 20:39:54 [notice] 20#20: gracefully shutting down
2023/11/10 20:39:54 [notice] 22#22: exiting
2023/11/10 20:39:54 [notice] 24#24: gracefully shutting down
2023/11/10 20:39:54 [notice] 27#27: gracefully shutting down
2023/11/10 20:39:54 [notice] 23#23: gracefully shutting down
2023/11/10 20:39:54 [notice] 26#26: gracefully shutting down
2023/11/10 20:39:54 [notice] 25#25: gracefully shutting down
2023/11/10 20:39:54 [notice] 26#26: exiting
2023/11/10 20:39:54 [notice] 28#28: gracefully shutting down
2023/11/10 20:39:54 [notice] 29#29: gracefully shutting down
2023/11/10 20:39:54 [notice] 21#21: exiting
2023/11/10 20:39:54 [notice] 29#29: exiting
2023/11/10 20:39:54 [notice] 20#20: exiting
2023/11/10 20:39:54 [notice] 24#24: exiting
2023/11/10 20:39:54 [notice] 27#27: exiting
2023/11/10 20:39:54 [notice] 24#24: exit
2023/11/10 20:39:54 [notice] 22#22: exit
2023/11/10 20:39:54 [notice] 23#23: exiting
2023/11/10 20:39:54 [notice] 25#25: exiting
2023/11/10 20:39:54 [notice] 23#23: exit
2023/11/10 20:39:54 [notice] 26#26: exit
2023/11/10 20:39:54 [notice] 28#28: exiting
2023/11/10 20:39:54 [notice] 21#21: exit
2023/11/10 20:39:54 [notice] 29#29: exit
2023/11/10 20:39:54 [notice] 20#20: exit
2023/11/10 20:39:54 [notice] 27#27: exit
2023/11/10 20:39:54 [notice] 25#25: exit
2023/11/10 20:39:54 [notice] 28#28: exit
2023/11/10 20:39:54 [notice] 1#1: signal 17 (SIGCHLD) received from 21
2023/11/10 20:39:54 [notice] 1#1: worker process 21 exited with code 0
2023/11/10 20:39:54 [notice] 1#1: signal 29 (SIGIO) received
2023/11/10 20:39:54 [notice] 1#1: signal 17 (SIGCHLD) received from 27
2023/11/10 20:39:54 [notice] 1#1: worker process 27 exited with code 0
2023/11/10 20:39:54 [notice] 1#1: signal 29 (SIGIO) received
2023/11/10 20:39:54 [notice] 1#1: signal 17 (SIGCHLD) received from 23
2023/11/10 20:39:54 [notice] 1#1: worker process 23 exited with code 0
2023/11/10 20:39:54 [notice] 1#1: worker process 20 exited with code 0
2023/11/10 20:39:54 [notice] 1#1: worker process 22 exited with code 0
2023/11/10 20:39:54 [notice] 1#1: worker process 24 exited with code 0
2023/11/10 20:39:54 [notice] 1#1: worker process 25 exited with code 0
2023/11/10 20:39:54 [notice] 1#1: worker process 26 exited with code 0
2023/11/10 20:39:54 [notice] 1#1: worker process 28 exited with code 0
2023/11/10 20:39:54 [notice] 1#1: worker process 29 exited with code 0
2023/11/10 20:39:54 [notice] 1#1: exit
2023/11/16 08:04:54 [notice] 1#1: using the "epoll" event method
2023/11/16 08:04:54 [notice] 1#1: nginx/1.25.2
2023/11/16 08:04:54 [notice] 1#1: built by gcc 12.2.1 20220924 (Alpine 12.2.1_git20220924-r10) 
2023/11/16 08:04:54 [notice] 1#1: OS: Linux 6.4.16-linuxkit
2023/11/16 08:04:54 [notice] 1#1: getrlimit(RLIMIT_NOFILE): 1048576:1048576
2023/11/16 08:04:54 [notice] 1#1: start worker processes
2023/11/16 08:04:54 [notice] 1#1: start worker process 20
2023/11/16 08:04:54 [notice] 1#1: start worker process 21
2023/11/16 08:04:54 [notice] 1#1: start worker process 22
2023/11/16 08:04:54 [notice] 1#1: start worker process 23
2023/11/16 08:04:54 [notice] 1#1: start worker process 24
2023/11/16 08:04:54 [notice] 1#1: start worker process 25
2023/11/16 08:04:54 [notice] 1#1: start worker process 26
2023/11/16 08:04:54 [notice] 1#1: start worker process 27
2023/11/16 08:04:54 [notice] 1#1: start worker process 28
2023/11/16 08:04:54 [notice] 1#1: start worker process 29
2023/11/16 08:05:05 [notice] 1#1: signal 3 (SIGQUIT) received, shutting down
2023/11/16 08:05:05 [notice] 20#20: gracefully shutting down
2023/11/16 08:05:05 [notice] 24#24: gracefully shutting down
2023/11/16 08:05:05 [notice] 21#21: gracefully shutting down
2023/11/16 08:05:05 [notice] 21#21: exiting
2023/11/16 08:05:05 [notice] 22#22: gracefully shutting down
2023/11/16 08:05:05 [notice] 22#22: exiting
2023/11/16 08:05:05 [notice] 23#23: gracefully shutting down
2023/11/16 08:05:05 [notice] 27#27: gracefully shutting down
2023/11/16 08:05:05 [notice] 26#26: gracefully shutting down
2023/11/16 08:05:05 [notice] 28#28: gracefully shutting down
2023/11/16 08:05:05 [notice] 25#25: gracefully shutting down
2023/11/16 08:05:05 [notice] 29#29: gracefully shutting down
2023/11/16 08:05:05 [notice] 20#20: exiting
2023/11/16 08:05:05 [notice] 24#24: exiting
2023/11/16 08:05:05 [notice] 21#21: exit
2023/11/16 08:05:05 [notice] 22#22: exit
2023/11/16 08:05:05 [notice] 23#23: exiting
2023/11/16 08:05:05 [notice] 27#27: exiting
2023/11/16 08:05:05 [notice] 26#26: exiting
2023/11/16 08:05:05 [notice] 28#28: exiting
2023/11/16 08:05:05 [notice] 25#25: exiting
2023/11/16 08:05:05 [notice] 29#29: exiting
2023/11/16 08:05:05 [notice] 20#20: exit
2023/11/16 08:05:05 [notice] 29#29: exit
2023/11/16 08:05:05 [notice] 24#24: exit
2023/11/16 08:05:05 [notice] 23#23: exit
2023/11/16 08:05:05 [notice] 27#27: exit
2023/11/16 08:05:05 [notice] 26#26: exit
2023/11/16 08:05:05 [notice] 28#28: exit
2023/11/16 08:05:05 [notice] 25#25: exit
2023/11/16 08:05:05 [notice] 1#1: signal 17 (SIGCHLD) received from 21
2023/11/16 08:05:05 [notice] 1#1: worker process 21 exited with code 0
2023/11/16 08:05:05 [notice] 1#1: signal 29 (SIGIO) received
2023/11/16 08:05:05 [notice] 1#1: signal 17 (SIGCHLD) received from 22
2023/11/16 08:05:05 [notice] 1#1: worker process 22 exited with code 0
2023/11/16 08:05:05 [notice] 1#1: worker process 27 exited with code 0
2023/11/16 08:05:05 [notice] 1#1: signal 29 (SIGIO) received
2023/11/16 08:05:05 [notice] 1#1: signal 17 (SIGCHLD) received from 27
2023/11/16 08:05:05 [notice] 1#1: signal 17 (SIGCHLD) received from 24
2023/11/16 08:05:05 [notice] 1#1: worker process 20 exited with code 0
2023/11/16 08:05:05 [notice] 1#1: worker process 23 exited with code 0
2023/11/16 08:05:05 [notice] 1#1: worker process 24 exited with code 0
2023/11/16 08:05:05 [notice] 1#1: worker process 28 exited with code 0
2023/11/16 08:05:05 [notice] 1#1: worker process 29 exited with code 0
2023/11/16 08:05:05 [notice] 1#1: signal 29 (SIGIO) received
2023/11/16 08:05:05 [notice] 1#1: signal 17 (SIGCHLD) received from 20
2023/11/16 08:05:05 [notice] 1#1: signal 17 (SIGCHLD) received from 26
2023/11/16 08:05:05 [notice] 1#1: worker process 26 exited with code 0
2023/11/16 08:05:05 [notice] 1#1: worker process 25 exited with code 0
2023/11/16 08:05:05 [notice] 1#1: exit
2024/03/26 08:35:03 [notice] 1#1: using the "epoll" event method
2024/03/26 08:35:03 [notice] 1#1: nginx/1.25.2
2024/03/26 08:35:03 [notice] 1#1: built by gcc 12.2.1 20220924 (Alpine 12.2.1_git20220924-r10) 
2024/03/26 08:35:03 [notice] 1#1: OS: Linux 6.4.16-linuxkit
2024/03/26 08:35:03 [notice] 1#1: getrlimit(RLIMIT_NOFILE): 1048576:1048576
2024/03/26 08:35:03 [notice] 1#1: start worker processes
2024/03/26 08:35:03 [notice] 1#1: start worker process 20
2024/03/26 08:35:03 [notice] 1#1: start worker process 21
2024/03/26 08:35:03 [notice] 1#1: start worker process 22
2024/03/26 08:35:03 [notice] 1#1: start worker process 23
2024/03/26 08:35:03 [notice] 1#1: start worker process 24
2024/03/26 08:35:03 [notice] 1#1: start worker process 25
2024/03/26 08:35:03 [notice] 1#1: start worker process 26
2024/03/26 08:35:03 [notice] 1#1: start worker process 27
2024/03/26 08:35:03 [notice] 1#1: start worker process 28
2024/03/26 08:35:03 [notice] 1#1: start worker process 29
2024/03/26 08:35:44 [notice] 1#1: signal 3 (SIGQUIT) received, shutting down
2024/03/26 08:35:44 [notice] 21#21: gracefully shutting down
2024/03/26 08:35:44 [notice] 24#24: gracefully shutting down
2024/03/26 08:35:44 [notice] 20#20: gracefully shutting down
2024/03/26 08:35:44 [notice] 22#22: gracefully shutting down
2024/03/26 08:35:44 [notice] 23#23: gracefully shutting down
2024/03/26 08:35:44 [notice] 25#25: gracefully shutting down
2024/03/26 08:35:44 [notice] 21#21: exiting
2024/03/26 08:35:44 [notice] 27#27: gracefully shutting down
2024/03/26 08:35:44 [notice] 26#26: gracefully shutting down
2024/03/26 08:35:44 [notice] 21#21: exit
2024/03/26 08:35:44 [notice] 28#28: gracefully shutting down
2024/03/26 08:35:44 [notice] 29#29: gracefully shutting down
2024/03/26 08:35:44 [notice] 24#24: exiting
2024/03/26 08:35:44 [notice] 20#20: exiting
2024/03/26 08:35:44 [notice] 22#22: exiting
2024/03/26 08:35:44 [notice] 23#23: exiting
2024/03/26 08:35:44 [notice] 25#25: exiting
2024/03/26 08:35:44 [notice] 27#27: exiting
2024/03/26 08:35:44 [notice] 26#26: exiting
2024/03/26 08:35:44 [notice] 28#28: exiting
2024/03/26 08:35:44 [notice] 29#29: exiting
2024/03/26 08:35:44 [notice] 24#24: exit
2024/03/26 08:35:44 [notice] 20#20: exit
2024/03/26 08:35:44 [notice] 22#22: exit
2024/03/26 08:35:44 [notice] 23#23: exit
2024/03/26 08:35:44 [notice] 25#25: exit
2024/03/26 08:35:44 [notice] 27#27: exit
2024/03/26 08:35:44 [notice] 26#26: exit
2024/03/26 08:35:44 [notice] 28#28: exit
2024/03/26 08:35:44 [notice] 29#29: exit
2024/03/26 08:35:44 [notice] 1#1: signal 17 (SIGCHLD) received from 24
2024/03/26 08:35:44 [notice] 1#1: worker process 23 exited with code 0
2024/03/26 08:35:44 [notice] 1#1: worker process 24 exited with code 0
2024/03/26 08:35:44 [notice] 1#1: signal 29 (SIGIO) received
2024/03/26 08:35:44 [notice] 1#1: signal 17 (SIGCHLD) received from 27
2024/03/26 08:35:44 [notice] 1#1: worker process 20 exited with code 0
2024/03/26 08:35:44 [notice] 1#1: worker process 21 exited with code 0
2024/03/26 08:35:44 [notice] 1#1: worker process 22 exited with code 0
2024/03/26 08:35:44 [notice] 1#1: worker process 27 exited with code 0
2024/03/26 08:35:44 [notice] 1#1: worker process 29 exited with code 0
2024/03/26 08:35:44 [notice] 1#1: signal 29 (SIGIO) received
2024/03/26 08:35:44 [notice] 1#1: signal 17 (SIGCHLD) received from 25
2024/03/26 08:35:44 [notice] 1#1: worker process 25 exited with code 0
2024/03/26 08:35:44 [notice] 1#1: worker process 26 exited with code 0
2024/03/26 08:35:44 [notice] 1#1: worker process 28 exited with code 0
2024/03/26 08:35:44 [notice] 1#1: exit
2024/03/26 08:36:30 [notice] 1#1: using the "epoll" event method
2024/03/26 08:36:30 [notice] 1#1: nginx/1.25.2
2024/03/26 08:36:30 [notice] 1#1: built by gcc 12.2.1 20220924 (Alpine 12.2.1_git20220924-r10) 
2024/03/26 08:36:30 [notice] 1#1: OS: Linux 6.4.16-linuxkit
2024/03/26 08:36:30 [notice] 1#1: getrlimit(RLIMIT_NOFILE): 1048576:1048576
2024/03/26 08:36:30 [notice] 1#1: start worker processes
2024/03/26 08:36:30 [notice] 1#1: start worker process 20
2024/03/26 08:36:30 [notice] 1#1: start worker process 21
2024/03/26 08:36:30 [notice] 1#1: start worker process 22
2024/03/26 08:36:30 [notice] 1#1: start worker process 23
2024/03/26 08:36:30 [notice] 1#1: start worker process 24
2024/03/26 08:36:30 [notice] 1#1: start worker process 25
2024/03/26 08:36:30 [notice] 1#1: start worker process 26
2024/03/26 08:36:30 [notice] 1#1: start worker process 27
2024/03/26 08:36:30 [notice] 1#1: start worker process 28
2024/03/26 08:36:30 [notice] 1#1: start worker process 29
2024/03/26 08:37:32 [notice] 1#1: signal 3 (SIGQUIT) received, shutting down
2024/03/26 08:37:32 [notice] 20#20: gracefully shutting down
2024/03/26 08:37:32 [notice] 27#27: gracefully shutting down
2024/03/26 08:37:32 [notice] 27#27: exiting
2024/03/26 08:37:32 [notice] 23#23: gracefully shutting down
2024/03/26 08:37:32 [notice] 23#23: exiting
2024/03/26 08:37:32 [notice] 25#25: gracefully shutting down
2024/03/26 08:37:32 [notice] 25#25: exiting
2024/03/26 08:37:32 [notice] 21#21: gracefully shutting down
2024/03/26 08:37:32 [notice] 21#21: exiting
2024/03/26 08:37:32 [notice] 26#26: gracefully shutting down
2024/03/26 08:37:32 [notice] 26#26: exiting
2024/03/26 08:37:32 [notice] 28#28: gracefully shutting down
2024/03/26 08:37:32 [notice] 28#28: exiting
2024/03/26 08:37:32 [notice] 22#22: gracefully shutting down
2024/03/26 08:37:32 [notice] 22#22: exiting
2024/03/26 08:37:32 [notice] 29#29: gracefully shutting down
2024/03/26 08:37:32 [notice] 29#29: exiting
2024/03/26 08:37:32 [notice] 24#24: gracefully shutting down
2024/03/26 08:37:32 [notice] 24#24: exiting
2024/03/26 08:37:32 [notice] 20#20: exiting
2024/03/26 08:37:32 [notice] 27#27: exit
2024/03/26 08:37:32 [notice] 23#23: exit
2024/03/26 08:37:32 [notice] 25#25: exit
2024/03/26 08:37:32 [notice] 21#21: exit
2024/03/26 08:37:32 [notice] 26#26: exit
2024/03/26 08:37:32 [notice] 28#28: exit
2024/03/26 08:37:32 [notice] 22#22: exit
2024/03/26 08:37:32 [notice] 29#29: exit
2024/03/26 08:37:32 [notice] 24#24: exit
2024/03/26 08:37:32 [notice] 20#20: exit
2024/03/26 08:37:32 [notice] 1#1: signal 17 (SIGCHLD) received from 23
2024/03/26 08:37:32 [notice] 1#1: worker process 23 exited with code 0
2024/03/26 08:37:32 [notice] 1#1: signal 29 (SIGIO) received
2024/03/26 08:37:32 [notice] 1#1: signal 17 (SIGCHLD) received from 25
2024/03/26 08:37:32 [notice] 1#1: worker process 25 exited with code 0
2024/03/26 08:37:32 [notice] 1#1: worker process 26 exited with code 0
2024/03/26 08:37:32 [notice] 1#1: worker process 29 exited with code 0
2024/03/26 08:37:32 [notice] 1#1: signal 29 (SIGIO) received
2024/03/26 08:37:32 [notice] 1#1: signal 17 (SIGCHLD) received from 29
2024/03/26 08:37:32 [notice] 1#1: signal 17 (SIGCHLD) received from 24
2024/03/26 08:37:32 [notice] 1#1: worker process 24 exited with code 0
2024/03/26 08:37:32 [notice] 1#1: signal 29 (SIGIO) received
2024/03/26 08:37:32 [notice] 1#1: signal 17 (SIGCHLD) received from 28
2024/03/26 08:37:32 [notice] 1#1: worker process 27 exited with code 0
2024/03/26 08:37:32 [notice] 1#1: worker process 28 exited with code 0
2024/03/26 08:37:32 [notice] 1#1: signal 29 (SIGIO) received
2024/03/26 08:37:32 [notice] 1#1: signal 17 (SIGCHLD) received from 27
2024/03/26 08:37:32 [notice] 1#1: signal 17 (SIGCHLD) received from 20
2024/03/26 08:37:32 [notice] 1#1: worker process 20 exited with code 0
2024/03/26 08:37:32 [notice] 1#1: signal 29 (SIGIO) received
2024/03/26 08:37:32 [notice] 1#1: signal 17 (SIGCHLD) received from 21
2024/03/26 08:37:32 [notice] 1#1: worker process 21 exited with code 0
2024/03/26 08:37:32 [notice] 1#1: worker process 22 exited with code 0
2024/03/26 08:37:32 [notice] 1#1: exit
2024/03/26 08:39:15 [notice] 1#1: using the "epoll" event method
2024/03/26 08:39:15 [notice] 1#1: nginx/1.25.2
2024/03/26 08:39:15 [notice] 1#1: built by gcc 12.2.1 20220924 (Alpine 12.2.1_git20220924-r10) 
2024/03/26 08:39:15 [notice] 1#1: OS: Linux 6.4.16-linuxkit
2024/03/26 08:39:15 [notice] 1#1: getrlimit(RLIMIT_NOFILE): 1048576:1048576
2024/03/26 08:39:15 [notice] 1#1: start worker processes
2024/03/26 08:39:15 [notice] 1#1: start worker process 20
2024/03/26 08:39:15 [notice] 1#1: start worker process 21
2024/03/26 08:39:15 [notice] 1#1: start worker process 22
2024/03/26 08:39:15 [notice] 1#1: start worker process 23
2024/03/26 08:39:15 [notice] 1#1: start worker process 24
2024/03/26 08:39:15 [notice] 1#1: start worker process 25
2024/03/26 08:39:15 [notice] 1#1: start worker process 26
2024/03/26 08:39:15 [notice] 1#1: start worker process 27
2024/03/26 08:39:15 [notice] 1#1: start worker process 28
2024/03/26 08:39:15 [notice] 1#1: start worker process 29
2024/03/26 08:39:22 [notice] 1#1: signal 3 (SIGQUIT) received, shutting down
2024/03/26 08:39:22 [notice] 22#22: gracefully shutting down
2024/03/26 08:39:22 [notice] 23#23: gracefully shutting down
2024/03/26 08:39:22 [notice] 27#27: gracefully shutting down
2024/03/26 08:39:22 [notice] 21#21: gracefully shutting down
2024/03/26 08:39:22 [notice] 20#20: gracefully shutting down
2024/03/26 08:39:22 [notice] 20#20: exiting
2024/03/26 08:39:22 [notice] 29#29: gracefully shutting down
2024/03/26 08:39:22 [notice] 29#29: exiting
2024/03/26 08:39:22 [notice] 28#28: gracefully shutting down
2024/03/26 08:39:22 [notice] 24#24: gracefully shutting down
2024/03/26 08:39:22 [notice] 24#24: exiting
2024/03/26 08:39:22 [notice] 25#25: gracefully shutting down
2024/03/26 08:39:22 [notice] 22#22: exiting
2024/03/26 08:39:22 [notice] 26#26: gracefully shutting down
2024/03/26 08:39:22 [notice] 23#23: exiting
2024/03/26 08:39:22 [notice] 27#27: exiting
2024/03/26 08:39:22 [notice] 23#23: exit
2024/03/26 08:39:22 [notice] 21#21: exiting
2024/03/26 08:39:22 [notice] 20#20: exit
2024/03/26 08:39:22 [notice] 29#29: exit
2024/03/26 08:39:22 [notice] 28#28: exiting
2024/03/26 08:39:22 [notice] 24#24: exit
2024/03/26 08:39:22 [notice] 25#25: exiting
2024/03/26 08:39:22 [notice] 22#22: exit
2024/03/26 08:39:22 [notice] 26#26: exiting
2024/03/26 08:39:22 [notice] 27#27: exit
2024/03/26 08:39:22 [notice] 21#21: exit
2024/03/26 08:39:22 [notice] 28#28: exit
2024/03/26 08:39:22 [notice] 25#25: exit
2024/03/26 08:39:22 [notice] 26#26: exit
2024/03/26 08:39:22 [notice] 1#1: signal 17 (SIGCHLD) received from 29
2024/03/26 08:39:22 [notice] 1#1: worker process 29 exited with code 0
2024/03/26 08:39:22 [notice] 1#1: signal 29 (SIGIO) received
2024/03/26 08:39:22 [notice] 1#1: signal 17 (SIGCHLD) received from 23
2024/03/26 08:39:22 [notice] 1#1: worker process 21 exited with code 0
2024/03/26 08:39:22 [notice] 1#1: worker process 23 exited with code 0
2024/03/26 08:39:22 [notice] 1#1: worker process 24 exited with code 0
2024/03/26 08:39:22 [notice] 1#1: worker process 26 exited with code 0
2024/03/26 08:39:22 [notice] 1#1: signal 29 (SIGIO) received
2024/03/26 08:39:22 [notice] 1#1: signal 17 (SIGCHLD) received from 24
2024/03/26 08:39:22 [notice] 1#1: worker process 20 exited with code 0
2024/03/26 08:39:22 [notice] 1#1: worker process 25 exited with code 0
2024/03/26 08:39:22 [notice] 1#1: signal 29 (SIGIO) received
2024/03/26 08:39:22 [notice] 1#1: signal 17 (SIGCHLD) received from 25
2024/03/26 08:39:22 [notice] 1#1: signal 17 (SIGCHLD) received from 27
2024/03/26 08:39:22 [notice] 1#1: worker process 27 exited with code 0
2024/03/26 08:39:22 [notice] 1#1: signal 29 (SIGIO) received
2024/03/26 08:39:22 [notice] 1#1: signal 17 (SIGCHLD) received from 28
2024/03/26 08:39:22 [notice] 1#1: worker process 22 exited with code 0
2024/03/26 08:39:22 [notice] 1#1: worker process 28 exited with code 0
2024/03/26 08:39:22 [notice] 1#1: exit
2024/03/26 08:42:01 [notice] 1#1: using the "epoll" event method
2024/03/26 08:42:01 [notice] 1#1: nginx/1.25.2
2024/03/26 08:42:01 [notice] 1#1: built by gcc 12.2.1 20220924 (Alpine 12.2.1_git20220924-r10) 
2024/03/26 08:42:01 [notice] 1#1: OS: Linux 6.4.16-linuxkit
2024/03/26 08:42:01 [notice] 1#1: getrlimit(RLIMIT_NOFILE): 1048576:1048576
2024/03/26 08:42:01 [notice] 1#1: start worker processes
2024/03/26 08:42:01 [notice] 1#1: start worker process 19
2024/03/26 08:42:01 [notice] 1#1: start worker process 20
2024/03/26 08:42:01 [notice] 1#1: start worker process 21
2024/03/26 08:42:01 [notice] 1#1: start worker process 22
2024/03/26 08:42:01 [notice] 1#1: start worker process 23
2024/03/26 08:42:01 [notice] 1#1: start worker process 24
2024/03/26 08:42:01 [notice] 1#1: start worker process 25
2024/03/26 08:42:01 [notice] 1#1: start worker process 26
2024/03/26 08:42:01 [notice] 1#1: start worker process 27
2024/03/26 08:42:01 [notice] 1#1: start worker process 28
2024/03/26 08:42:58 [notice] 1#1: signal 3 (SIGQUIT) received, shutting down
2024/03/26 08:42:58 [notice] 21#21: gracefully shutting down
2024/03/26 08:42:58 [notice] 21#21: exiting
2024/03/26 08:42:58 [notice] 22#22: gracefully shutting down
2024/03/26 08:42:58 [notice] 21#21: exit
2024/03/26 08:42:58 [notice] 19#19: gracefully shutting down
2024/03/26 08:42:58 [notice] 19#19: exiting
2024/03/26 08:42:58 [notice] 24#24: gracefully shutting down
2024/03/26 08:42:58 [notice] 25#25: gracefully shutting down
2024/03/26 08:42:58 [notice] 20#20: gracefully shutting down
2024/03/26 08:42:58 [notice] 23#23: gracefully shutting down
2024/03/26 08:42:58 [notice] 27#27: gracefully shutting down
2024/03/26 08:42:58 [notice] 26#26: gracefully shutting down
2024/03/26 08:42:58 [notice] 28#28: gracefully shutting down
2024/03/26 08:42:58 [notice] 22#22: exiting
2024/03/26 08:42:58 [notice] 19#19: exit
2024/03/26 08:42:58 [notice] 24#24: exiting
2024/03/26 08:42:58 [notice] 25#25: exiting
2024/03/26 08:42:58 [notice] 20#20: exiting
2024/03/26 08:42:58 [notice] 23#23: exiting
2024/03/26 08:42:58 [notice] 27#27: exiting
2024/03/26 08:42:58 [notice] 26#26: exiting
2024/03/26 08:42:58 [notice] 28#28: exiting
2024/03/26 08:42:58 [notice] 22#22: exit
2024/03/26 08:42:58 [notice] 24#24: exit
2024/03/26 08:42:58 [notice] 25#25: exit
2024/03/26 08:42:58 [notice] 20#20: exit
2024/03/26 08:42:58 [notice] 23#23: exit
2024/03/26 08:42:58 [notice] 27#27: exit
2024/03/26 08:42:58 [notice] 26#26: exit
2024/03/26 08:42:58 [notice] 28#28: exit
2024/03/26 08:42:58 [notice] 1#1: signal 17 (SIGCHLD) received from 21
2024/03/26 08:42:58 [notice] 1#1: worker process 21 exited with code 0
2024/03/26 08:42:58 [notice] 1#1: signal 29 (SIGIO) received
2024/03/26 08:42:58 [notice] 1#1: signal 17 (SIGCHLD) received from 19
2024/03/26 08:42:58 [notice] 1#1: worker process 19 exited with code 0
2024/03/26 08:42:58 [notice] 1#1: signal 29 (SIGIO) received
2024/03/26 08:42:58 [notice] 1#1: signal 17 (SIGCHLD) received from 28
2024/03/26 08:42:58 [notice] 1#1: worker process 20 exited with code 0
2024/03/26 08:42:58 [notice] 1#1: worker process 22 exited with code 0
2024/03/26 08:42:58 [notice] 1#1: worker process 23 exited with code 0
2024/03/26 08:42:58 [notice] 1#1: worker process 24 exited with code 0
2024/03/26 08:42:58 [notice] 1#1: worker process 25 exited with code 0
2024/03/26 08:42:58 [notice] 1#1: worker process 26 exited with code 0
2024/03/26 08:42:58 [notice] 1#1: worker process 27 exited with code 0
2024/03/26 08:42:58 [notice] 1#1: worker process 28 exited with code 0
2024/03/26 08:42:58 [notice] 1#1: exit
2024/03/26 08:46:03 [notice] 1#1: using the "epoll" event method
2024/03/26 08:46:03 [notice] 1#1: nginx/1.25.2
2024/03/26 08:46:03 [notice] 1#1: built by gcc 12.2.1 20220924 (Alpine 12.2.1_git20220924-r10) 
2024/03/26 08:46:03 [notice] 1#1: OS: Linux 6.4.16-linuxkit
2024/03/26 08:46:03 [notice] 1#1: getrlimit(RLIMIT_NOFILE): 1048576:1048576
2024/03/26 08:46:03 [notice] 1#1: start worker processes
2024/03/26 08:46:03 [notice] 1#1: start worker process 20
2024/03/26 08:46:03 [notice] 1#1: start worker process 21
2024/03/26 08:46:03 [notice] 1#1: start worker process 22
2024/03/26 08:46:03 [notice] 1#1: start worker process 23
2024/03/26 08:46:03 [notice] 1#1: start worker process 24
2024/03/26 08:46:03 [notice] 1#1: start worker process 25
2024/03/26 08:46:03 [notice] 1#1: start worker process 26
2024/03/26 08:46:03 [notice] 1#1: start worker process 27
2024/03/26 08:46:03 [notice] 1#1: start worker process 28
2024/03/26 08:46:03 [notice] 1#1: start worker process 29
2024/03/26 08:53:36 [notice] 1#1: signal 3 (SIGQUIT) received, shutting down
2024/03/26 08:53:36 [notice] 20#20: gracefully shutting down
2024/03/26 08:53:36 [notice] 20#20: exiting
2024/03/26 08:53:36 [notice] 25#25: gracefully shutting down
2024/03/26 08:53:36 [notice] 22#22: gracefully shutting down
2024/03/26 08:53:36 [notice] 23#23: gracefully shutting down
2024/03/26 08:53:36 [notice] 26#26: gracefully shutting down
2024/03/26 08:53:36 [notice] 27#27: gracefully shutting down
2024/03/26 08:53:36 [notice] 24#24: gracefully shutting down
2024/03/26 08:53:36 [notice] 28#28: gracefully shutting down
2024/03/26 08:53:36 [notice] 21#21: gracefully shutting down
2024/03/26 08:53:36 [notice] 28#28: exiting
2024/03/26 08:53:36 [notice] 29#29: gracefully shutting down
2024/03/26 08:53:36 [notice] 20#20: exit
2024/03/26 08:53:36 [notice] 25#25: exiting
2024/03/26 08:53:36 [notice] 22#22: exiting
2024/03/26 08:53:36 [notice] 23#23: exiting
2024/03/26 08:53:36 [notice] 26#26: exiting
2024/03/26 08:53:36 [notice] 27#27: exiting
2024/03/26 08:53:36 [notice] 24#24: exiting
2024/03/26 08:53:36 [notice] 21#21: exiting
2024/03/26 08:53:36 [notice] 28#28: exit
2024/03/26 08:53:36 [notice] 29#29: exiting
2024/03/26 08:53:36 [notice] 25#25: exit
2024/03/26 08:53:36 [notice] 22#22: exit
2024/03/26 08:53:36 [notice] 23#23: exit
2024/03/26 08:53:36 [notice] 26#26: exit
2024/03/26 08:53:36 [notice] 27#27: exit
2024/03/26 08:53:36 [notice] 24#24: exit
2024/03/26 08:53:36 [notice] 21#21: exit
2024/03/26 08:53:36 [notice] 29#29: exit
2024/03/26 08:53:36 [notice] 1#1: signal 17 (SIGCHLD) received from 20
2024/03/26 08:53:36 [notice] 1#1: worker process 20 exited with code 0
2024/03/26 08:53:36 [notice] 1#1: worker process 24 exited with code 0
2024/03/26 08:53:36 [notice] 1#1: signal 29 (SIGIO) received
2024/03/26 08:53:36 [notice] 1#1: signal 17 (SIGCHLD) received from 24
2024/03/26 08:53:36 [notice] 1#1: signal 17 (SIGCHLD) received from 28
2024/03/26 08:53:36 [notice] 1#1: worker process 28 exited with code 0
2024/03/26 08:53:36 [notice] 1#1: signal 29 (SIGIO) received
2024/03/26 08:53:36 [notice] 1#1: signal 17 (SIGCHLD) received from 23
2024/03/26 08:53:36 [notice] 1#1: worker process 22 exited with code 0
2024/03/26 08:53:36 [notice] 1#1: worker process 23 exited with code 0
2024/03/26 08:53:36 [notice] 1#1: worker process 27 exited with code 0
2024/03/26 08:53:36 [notice] 1#1: worker process 29 exited with code 0
2024/03/26 08:53:36 [notice] 1#1: signal 29 (SIGIO) received
2024/03/26 08:53:36 [notice] 1#1: signal 17 (SIGCHLD) received from 29
2024/03/26 08:53:36 [notice] 1#1: signal 17 (SIGCHLD) received from 26
2024/03/26 08:53:36 [notice] 1#1: worker process 26 exited with code 0
2024/03/26 08:53:36 [notice] 1#1: signal 29 (SIGIO) received
2024/03/26 08:53:36 [notice] 1#1: signal 17 (SIGCHLD) received from 25
2024/03/26 08:53:36 [notice] 1#1: worker process 21 exited with code 0
2024/03/26 08:53:36 [notice] 1#1: worker process 25 exited with code 0
2024/03/26 08:53:36 [notice] 1#1: exit
2024/03/26 08:53:52 [notice] 1#1: using the "epoll" event method
2024/03/26 08:53:52 [notice] 1#1: nginx/1.25.2
2024/03/26 08:53:52 [notice] 1#1: built by gcc 12.2.1 20220924 (Alpine 12.2.1_git20220924-r10) 
2024/03/26 08:53:52 [notice] 1#1: OS: Linux 6.4.16-linuxkit
2024/03/26 08:53:52 [notice] 1#1: getrlimit(RLIMIT_NOFILE): 1048576:1048576
2024/03/26 08:53:52 [notice] 1#1: start worker processes
2024/03/26 08:53:52 [notice] 1#1: start worker process 20
2024/03/26 08:53:52 [notice] 1#1: start worker process 21
2024/03/26 08:53:52 [notice] 1#1: start worker process 22
2024/03/26 08:53:52 [notice] 1#1: start worker process 23
2024/03/26 08:53:52 [notice] 1#1: start worker process 24
2024/03/26 08:53:52 [notice] 1#1: start worker process 25
2024/03/26 08:53:52 [notice] 1#1: start worker process 26
2024/03/26 08:53:52 [notice] 1#1: start worker process 27
2024/03/26 08:53:52 [notice] 1#1: start worker process 28
2024/03/26 08:53:52 [notice] 1#1: start worker process 29
2024/03/26 08:56:23 [notice] 1#1: signal 3 (SIGQUIT) received, shutting down
2024/03/26 08:56:23 [notice] 21#21: gracefully shutting down
2024/03/26 08:56:23 [notice] 20#20: gracefully shutting down
2024/03/26 08:56:23 [notice] 22#22: gracefully shutting down
2024/03/26 08:56:23 [notice] 23#23: gracefully shutting down
2024/03/26 08:56:23 [notice] 27#27: gracefully shutting down
2024/03/26 08:56:23 [notice] 23#23: exiting
2024/03/26 08:56:23 [notice] 26#26: gracefully shutting down
2024/03/26 08:56:23 [notice] 28#28: gracefully shutting down
2024/03/26 08:56:23 [notice] 29#29: gracefully shutting down
2024/03/26 08:56:23 [notice] 28#28: exiting
2024/03/26 08:56:23 [notice] 25#25: gracefully shutting down
2024/03/26 08:56:23 [notice] 28#28: exit
2024/03/26 08:56:23 [notice] 24#24: gracefully shutting down
2024/03/26 08:56:23 [notice] 21#21: exiting
2024/03/26 08:56:23 [notice] 20#20: exiting
2024/03/26 08:56:23 [notice] 22#22: exiting
2024/03/26 08:56:23 [notice] 27#27: exiting
2024/03/26 08:56:23 [notice] 26#26: exiting
2024/03/26 08:56:23 [notice] 23#23: exit
2024/03/26 08:56:23 [notice] 29#29: exiting
2024/03/26 08:56:23 [notice] 25#25: exiting
2024/03/26 08:56:23 [notice] 24#24: exiting
2024/03/26 08:56:23 [notice] 21#21: exit
2024/03/26 08:56:23 [notice] 20#20: exit
2024/03/26 08:56:23 [notice] 22#22: exit
2024/03/26 08:56:23 [notice] 27#27: exit
2024/03/26 08:56:23 [notice] 26#26: exit
2024/03/26 08:56:23 [notice] 29#29: exit
2024/03/26 08:56:23 [notice] 25#25: exit
2024/03/26 08:56:23 [notice] 24#24: exit
2024/03/26 08:56:23 [notice] 1#1: signal 17 (SIGCHLD) received from 28
2024/03/26 08:56:23 [notice] 1#1: worker process 21 exited with code 0
2024/03/26 08:56:23 [notice] 1#1: worker process 22 exited with code 0
2024/03/26 08:56:23 [notice] 1#1: worker process 25 exited with code 0
2024/03/26 08:56:23 [notice] 1#1: worker process 26 exited with code 0
2024/03/26 08:56:23 [notice] 1#1: worker process 28 exited with code 0
2024/03/26 08:56:23 [notice] 1#1: signal 29 (SIGIO) received
2024/03/26 08:56:23 [notice] 1#1: signal 17 (SIGCHLD) received from 21
2024/03/26 08:56:23 [notice] 1#1: signal 17 (SIGCHLD) received from 27
2024/03/26 08:56:23 [notice] 1#1: worker process 20 exited with code 0
2024/03/26 08:56:23 [notice] 1#1: worker process 23 exited with code 0
2024/03/26 08:56:23 [notice] 1#1: worker process 27 exited with code 0
2024/03/26 08:56:23 [notice] 1#1: worker process 29 exited with code 0
2024/03/26 08:56:23 [notice] 1#1: signal 29 (SIGIO) received
2024/03/26 08:56:23 [notice] 1#1: signal 17 (SIGCHLD) received from 24
2024/03/26 08:56:23 [notice] 1#1: worker process 24 exited with code 0
2024/03/26 08:56:23 [notice] 1#1: exit
2024/03/26 08:57:54 [notice] 1#1: using the "epoll" event method
2024/03/26 08:57:54 [notice] 1#1: nginx/1.25.2
2024/03/26 08:57:54 [notice] 1#1: built by gcc 12.2.1 20220924 (Alpine 12.2.1_git20220924-r10) 
2024/03/26 08:57:54 [notice] 1#1: OS: Linux 6.4.16-linuxkit
2024/03/26 08:57:54 [notice] 1#1: getrlimit(RLIMIT_NOFILE): 1048576:1048576
2024/03/26 08:57:54 [notice] 1#1: start worker processes
2024/03/26 08:57:54 [notice] 1#1: start worker process 20
2024/03/26 08:57:54 [notice] 1#1: start worker process 21
2024/03/26 08:57:54 [notice] 1#1: start worker process 22
2024/03/26 08:57:54 [notice] 1#1: start worker process 23
2024/03/26 08:57:54 [notice] 1#1: start worker process 24
2024/03/26 08:57:54 [notice] 1#1: start worker process 25
2024/03/26 08:57:54 [notice] 1#1: start worker process 26
2024/03/26 08:57:54 [notice] 1#1: start worker process 27
2024/03/26 08:57:54 [notice] 1#1: start worker process 28
2024/03/26 08:57:54 [notice] 1#1: start worker process 29
2024/03/26 09:00:19 [notice] 1#1: signal 3 (SIGQUIT) received, shutting down
2024/03/26 09:00:19 [notice] 20#20: gracefully shutting down
2024/03/26 09:00:19 [notice] 25#25: gracefully shutting down
2024/03/26 09:00:19 [notice] 22#22: gracefully shutting down
2024/03/26 09:00:19 [notice] 21#21: gracefully shutting down
2024/03/26 09:00:19 [notice] 27#27: gracefully shutting down
2024/03/26 09:00:19 [notice] 27#27: exiting
2024/03/26 09:00:19 [notice] 20#20: exiting
2024/03/26 09:00:19 [notice] 26#26: gracefully shutting down
2024/03/26 09:00:19 [notice] 20#20: exit
2024/03/26 09:00:19 [notice] 24#24: gracefully shutting down
2024/03/26 09:00:19 [notice] 23#23: gracefully shutting down
2024/03/26 09:00:19 [notice] 28#28: gracefully shutting down
2024/03/26 09:00:19 [notice] 29#29: gracefully shutting down
2024/03/26 09:00:19 [notice] 25#25: exiting
2024/03/26 09:00:19 [notice] 22#22: exiting
2024/03/26 09:00:19 [notice] 21#21: exiting
2024/03/26 09:00:19 [notice] 27#27: exit
2024/03/26 09:00:19 [notice] 26#26: exiting
2024/03/26 09:00:19 [notice] 24#24: exiting
2024/03/26 09:00:19 [notice] 26#26: exit
2024/03/26 09:00:19 [notice] 23#23: exiting
2024/03/26 09:00:19 [notice] 28#28: exiting
2024/03/26 09:00:19 [notice] 29#29: exiting
2024/03/26 09:00:19 [notice] 25#25: exit
2024/03/26 09:00:19 [notice] 22#22: exit
2024/03/26 09:00:19 [notice] 21#21: exit
2024/03/26 09:00:19 [notice] 24#24: exit
2024/03/26 09:00:19 [notice] 23#23: exit
2024/03/26 09:00:19 [notice] 28#28: exit
2024/03/26 09:00:19 [notice] 29#29: exit
2024/03/26 09:00:19 [notice] 1#1: signal 17 (SIGCHLD) received from 26
2024/03/26 09:00:19 [notice] 1#1: worker process 26 exited with code 0
2024/03/26 09:00:19 [notice] 1#1: signal 29 (SIGIO) received
2024/03/26 09:00:19 [notice] 1#1: signal 17 (SIGCHLD) received from 20
2024/03/26 09:00:19 [notice] 1#1: worker process 20 exited with code 0
2024/03/26 09:00:19 [notice] 1#1: signal 29 (SIGIO) received
2024/03/26 09:00:19 [notice] 1#1: signal 17 (SIGCHLD) received from 25
2024/03/26 09:00:19 [notice] 1#1: worker process 22 exited with code 0
2024/03/26 09:00:19 [notice] 1#1: worker process 24 exited with code 0
2024/03/26 09:00:19 [notice] 1#1: worker process 25 exited with code 0
2024/03/26 09:00:19 [notice] 1#1: worker process 27 exited with code 0
2024/03/26 09:00:19 [notice] 1#1: signal 29 (SIGIO) received
2024/03/26 09:00:19 [notice] 1#1: signal 17 (SIGCHLD) received from 27
2024/03/26 09:00:19 [notice] 1#1: signal 17 (SIGCHLD) received from 21
2024/03/26 09:00:19 [notice] 1#1: worker process 21 exited with code 0
2024/03/26 09:00:19 [notice] 1#1: worker process 23 exited with code 0
2024/03/26 09:00:19 [notice] 1#1: worker process 29 exited with code 0
2024/03/26 09:00:19 [notice] 1#1: signal 29 (SIGIO) received
2024/03/26 09:00:19 [notice] 1#1: signal 17 (SIGCHLD) received from 29
2024/03/26 09:00:19 [notice] 1#1: signal 17 (SIGCHLD) received from 28
2024/03/26 09:00:19 [notice] 1#1: worker process 28 exited with code 0
2024/03/26 09:00:19 [notice] 1#1: exit
2024/03/26 09:04:34 [notice] 1#1: using the "epoll" event method
2024/03/26 09:04:34 [notice] 1#1: nginx/1.25.2
2024/03/26 09:04:34 [notice] 1#1: built by gcc 12.2.1 20220924 (Alpine 12.2.1_git20220924-r10) 
2024/03/26 09:04:34 [notice] 1#1: OS: Linux 6.4.16-linuxkit
2024/03/26 09:04:34 [notice] 1#1: getrlimit(RLIMIT_NOFILE): 1048576:1048576
2024/03/26 09:04:34 [notice] 1#1: start worker processes
2024/03/26 09:04:34 [notice] 1#1: start worker process 20
2024/03/26 09:04:34 [notice] 1#1: start worker process 21
2024/03/26 09:04:34 [notice] 1#1: start worker process 22
2024/03/26 09:04:34 [notice] 1#1: start worker process 23
2024/03/26 09:04:34 [notice] 1#1: start worker process 24
2024/03/26 09:04:34 [notice] 1#1: start worker process 25
2024/03/26 09:04:34 [notice] 1#1: start worker process 26
2024/03/26 09:04:34 [notice] 1#1: start worker process 27
2024/03/26 09:04:34 [notice] 1#1: start worker process 28
2024/03/26 09:04:34 [notice] 1#1: start worker process 29
2024/03/26 09:13:15 [notice] 1#1: signal 3 (SIGQUIT) received, shutting down
2024/03/26 09:13:15 [notice] 21#21: gracefully shutting down
2024/03/26 09:13:15 [notice] 22#22: gracefully shutting down
2024/03/26 09:13:15 [notice] 20#20: gracefully shutting down
2024/03/26 09:13:15 [notice] 25#25: gracefully shutting down
2024/03/26 09:13:15 [notice] 23#23: gracefully shutting down
2024/03/26 09:13:15 [notice] 27#27: gracefully shutting down
2024/03/26 09:13:15 [notice] 26#26: gracefully shutting down
2024/03/26 09:13:15 [notice] 24#24: gracefully shutting down
2024/03/26 09:13:15 [notice] 28#28: gracefully shutting down
2024/03/26 09:13:15 [notice] 29#29: gracefully shutting down
2024/03/26 09:13:15 [notice] 21#21: exiting
2024/03/26 09:13:15 [notice] 29#29: exiting
2024/03/26 09:13:15 [notice] 22#22: exiting
2024/03/26 09:13:15 [notice] 20#20: exiting
2024/03/26 09:13:15 [notice] 25#25: exiting
2024/03/26 09:13:15 [notice] 23#23: exiting
2024/03/26 09:13:15 [notice] 25#25: exit
2024/03/26 09:13:15 [notice] 27#27: exiting
2024/03/26 09:13:15 [notice] 26#26: exiting
2024/03/26 09:13:15 [notice] 27#27: exit
2024/03/26 09:13:15 [notice] 24#24: exiting
2024/03/26 09:13:15 [notice] 28#28: exiting
2024/03/26 09:13:15 [notice] 24#24: exit
2024/03/26 09:13:15 [notice] 29#29: exit
2024/03/26 09:13:15 [notice] 21#21: exit
2024/03/26 09:13:15 [notice] 22#22: exit
2024/03/26 09:13:15 [notice] 20#20: exit
2024/03/26 09:13:15 [notice] 23#23: exit
2024/03/26 09:13:15 [notice] 26#26: exit
2024/03/26 09:13:15 [notice] 28#28: exit
2024/03/26 09:13:15 [notice] 1#1: signal 17 (SIGCHLD) received from 23
2024/03/26 09:13:15 [notice] 1#1: worker process 23 exited with code 0
2024/03/26 09:13:15 [notice] 1#1: signal 29 (SIGIO) received
2024/03/26 09:13:15 [notice] 1#1: signal 17 (SIGCHLD) received from 25
2024/03/26 09:13:15 [notice] 1#1: worker process 21 exited with code 0
2024/03/26 09:13:15 [notice] 1#1: worker process 22 exited with code 0
2024/03/26 09:13:15 [notice] 1#1: worker process 24 exited with code 0
2024/03/26 09:13:15 [notice] 1#1: worker process 25 exited with code 0
2024/03/26 09:13:15 [notice] 1#1: worker process 27 exited with code 0
2024/03/26 09:13:15 [notice] 1#1: signal 29 (SIGIO) received
2024/03/26 09:13:15 [notice] 1#1: signal 17 (SIGCHLD) received from 27
2024/03/26 09:13:15 [notice] 1#1: signal 17 (SIGCHLD) received from 20
2024/03/26 09:13:15 [notice] 1#1: worker process 20 exited with code 0
2024/03/26 09:13:15 [notice] 1#1: worker process 26 exited with code 0
2024/03/26 09:13:15 [notice] 1#1: worker process 28 exited with code 0
2024/03/26 09:13:15 [notice] 1#1: worker process 29 exited with code 0
2024/03/26 09:13:15 [notice] 1#1: exit
2024/03/26 09:13:15 [notice] 1#1: using the "epoll" event method
2024/03/26 09:13:15 [notice] 1#1: nginx/1.25.2
2024/03/26 09:13:15 [notice] 1#1: built by gcc 12.2.1 20220924 (Alpine 12.2.1_git20220924-r10) 
2024/03/26 09:13:15 [notice] 1#1: OS: Linux 6.4.16-linuxkit
2024/03/26 09:13:15 [notice] 1#1: getrlimit(RLIMIT_NOFILE): 1048576:1048576
2024/03/26 09:13:15 [notice] 1#1: start worker processes
2024/03/26 09:13:15 [notice] 1#1: start worker process 20
2024/03/26 09:13:15 [notice] 1#1: start worker process 21
2024/03/26 09:13:15 [notice] 1#1: start worker process 22
2024/03/26 09:13:15 [notice] 1#1: start worker process 23
2024/03/26 09:13:15 [notice] 1#1: start worker process 24
2024/03/26 09:13:15 [notice] 1#1: start worker process 25
2024/03/26 09:13:15 [notice] 1#1: start worker process 26
2024/03/26 09:13:15 [notice] 1#1: start worker process 27
2024/03/26 09:13:15 [notice] 1#1: start worker process 28
2024/03/26 09:13:15 [notice] 1#1: start worker process 29
2024/03/26 12:41:30 [notice] 1#1: signal 3 (SIGQUIT) received, shutting down
2024/03/26 12:41:30 [notice] 22#22: gracefully shutting down
2024/03/26 12:41:30 [notice] 27#27: gracefully shutting down
2024/03/26 12:41:30 [notice] 20#20: gracefully shutting down
2024/03/26 12:41:30 [notice] 23#23: gracefully shutting down
2024/03/26 12:41:30 [notice] 27#27: exiting
2024/03/26 12:41:30 [notice] 21#21: gracefully shutting down
2024/03/26 12:41:30 [notice] 25#25: gracefully shutting down
2024/03/26 12:41:30 [notice] 24#24: gracefully shutting down
2024/03/26 12:41:30 [notice] 29#29: gracefully shutting down
2024/03/26 12:41:30 [notice] 26#26: gracefully shutting down
2024/03/26 12:41:30 [notice] 28#28: gracefully shutting down
2024/03/26 12:41:30 [notice] 22#22: exiting
2024/03/26 12:41:30 [notice] 20#20: exiting
2024/03/26 12:41:30 [notice] 23#23: exiting
2024/03/26 12:41:30 [notice] 27#27: exit
2024/03/26 12:41:30 [notice] 21#21: exiting
2024/03/26 12:41:30 [notice] 25#25: exiting
2024/03/26 12:41:30 [notice] 24#24: exiting
2024/03/26 12:41:30 [notice] 29#29: exiting
2024/03/26 12:41:30 [notice] 26#26: exiting
2024/03/26 12:41:30 [notice] 22#22: exit
2024/03/26 12:41:30 [notice] 28#28: exiting
2024/03/26 12:41:30 [notice] 20#20: exit
2024/03/26 12:41:30 [notice] 23#23: exit
2024/03/26 12:41:30 [notice] 21#21: exit
2024/03/26 12:41:30 [notice] 25#25: exit
2024/03/26 12:41:30 [notice] 24#24: exit
2024/03/26 12:41:30 [notice] 29#29: exit
2024/03/26 12:41:30 [notice] 26#26: exit
2024/03/26 12:41:30 [notice] 28#28: exit
2024/03/26 12:41:30 [notice] 1#1: signal 17 (SIGCHLD) received from 27
2024/03/26 12:41:30 [notice] 1#1: worker process 27 exited with code 0
2024/03/26 12:41:30 [notice] 1#1: worker process 28 exited with code 0
2024/03/26 12:41:30 [notice] 1#1: signal 29 (SIGIO) received
2024/03/26 12:41:30 [notice] 1#1: signal 17 (SIGCHLD) received from 22
2024/03/26 12:41:30 [notice] 1#1: worker process 22 exited with code 0
2024/03/26 12:41:30 [notice] 1#1: signal 29 (SIGIO) received
2024/03/26 12:41:30 [notice] 1#1: signal 17 (SIGCHLD) received from 29
2024/03/26 12:41:30 [notice] 1#1: worker process 20 exited with code 0
2024/03/26 12:41:30 [notice] 1#1: worker process 21 exited with code 0
2024/03/26 12:41:30 [notice] 1#1: worker process 23 exited with code 0
2024/03/26 12:41:30 [notice] 1#1: worker process 24 exited with code 0
2024/03/26 12:41:30 [notice] 1#1: worker process 25 exited with code 0
2024/03/26 12:41:30 [notice] 1#1: worker process 26 exited with code 0
2024/03/26 12:41:30 [notice] 1#1: worker process 29 exited with code 0
2024/03/26 12:41:30 [notice] 1#1: exit
2024/03/26 14:37:36 [notice] 1#1: using the "epoll" event method
2024/03/26 14:37:36 [notice] 1#1: nginx/1.25.2
2024/03/26 14:37:36 [notice] 1#1: built by gcc 12.2.1 20220924 (Alpine 12.2.1_git20220924-r10) 
2024/03/26 14:37:36 [notice] 1#1: OS: Linux 6.4.16-linuxkit
2024/03/26 14:37:36 [notice] 1#1: getrlimit(RLIMIT_NOFILE): 1048576:1048576
2024/03/26 14:37:36 [notice] 1#1: start worker processes
2024/03/26 14:37:36 [notice] 1#1: start worker process 20
2024/03/26 14:37:36 [notice] 1#1: start worker process 21
2024/03/26 14:37:36 [notice] 1#1: start worker process 22
2024/03/26 14:37:36 [notice] 1#1: start worker process 23
2024/03/26 14:37:36 [notice] 1#1: start worker process 24
2024/03/26 14:37:36 [notice] 1#1: start worker process 25
2024/03/26 14:37:36 [notice] 1#1: start worker process 26
2024/03/26 14:37:36 [notice] 1#1: start worker process 27
2024/03/26 14:37:36 [notice] 1#1: start worker process 28
2024/03/26 14:37:36 [notice] 1#1: start worker process 29
2024/03/26 14:37:41 [notice] 1#1: signal 3 (SIGQUIT) received, shutting down
2024/03/26 14:37:41 [notice] 21#21: gracefully shutting down
2024/03/26 14:37:41 [notice] 23#23: gracefully shutting down
2024/03/26 14:37:41 [notice] 23#23: exiting
2024/03/26 14:37:41 [notice] 22#22: gracefully shutting down
2024/03/26 14:37:41 [notice] 22#22: exiting
2024/03/26 14:37:41 [notice] 24#24: gracefully shutting down
2024/03/26 14:37:41 [notice] 24#24: exiting
2024/03/26 14:37:41 [notice] 25#25: gracefully shutting down
2024/03/26 14:37:41 [notice] 26#26: gracefully shutting down
2024/03/26 14:37:41 [notice] 27#27: gracefully shutting down
2024/03/26 14:37:41 [notice] 28#28: gracefully shutting down
2024/03/26 14:37:41 [notice] 20#20: gracefully shutting down
2024/03/26 14:37:41 [notice] 29#29: gracefully shutting down
2024/03/26 14:37:41 [notice] 29#29: exiting
2024/03/26 14:37:41 [notice] 21#21: exiting
2024/03/26 14:37:41 [notice] 23#23: exit
2024/03/26 14:37:41 [notice] 22#22: exit
2024/03/26 14:37:41 [notice] 24#24: exit
2024/03/26 14:37:41 [notice] 25#25: exiting
2024/03/26 14:37:41 [notice] 26#26: exiting
2024/03/26 14:37:41 [notice] 27#27: exiting
2024/03/26 14:37:41 [notice] 28#28: exiting
2024/03/26 14:37:41 [notice] 28#28: exit
2024/03/26 14:37:41 [notice] 20#20: exiting
2024/03/26 14:37:41 [notice] 29#29: exit
2024/03/26 14:37:41 [notice] 21#21: exit
2024/03/26 14:37:41 [notice] 25#25: exit
2024/03/26 14:37:41 [notice] 26#26: exit
2024/03/26 14:37:41 [notice] 27#27: exit
2024/03/26 14:37:41 [notice] 20#20: exit
2024/03/26 14:37:41 [notice] 1#1: signal 17 (SIGCHLD) received from 24
2024/03/26 14:37:41 [notice] 1#1: worker process 24 exited with code 0
2024/03/26 14:37:41 [notice] 1#1: signal 29 (SIGIO) received
2024/03/26 14:37:41 [notice] 1#1: signal 17 (SIGCHLD) received from 23
2024/03/26 14:37:41 [notice] 1#1: worker process 23 exited with code 0
2024/03/26 14:37:41 [notice] 1#1: signal 29 (SIGIO) received
2024/03/26 14:37:41 [notice] 1#1: signal 17 (SIGCHLD) received from 22
2024/03/26 14:37:41 [notice] 1#1: worker process 21 exited with code 0
2024/03/26 14:37:41 [notice] 1#1: worker process 22 exited with code 0
2024/03/26 14:37:41 [notice] 1#1: worker process 28 exited with code 0
2024/03/26 14:37:41 [notice] 1#1: signal 29 (SIGIO) received
2024/03/26 14:37:41 [notice] 1#1: signal 17 (SIGCHLD) received from 21
2024/03/26 14:37:41 [notice] 1#1: signal 17 (SIGCHLD) received from 29
2024/03/26 14:37:41 [notice] 1#1: worker process 29 exited with code 0
2024/03/26 14:37:41 [notice] 1#1: signal 29 (SIGIO) received
2024/03/26 14:37:41 [notice] 1#1: signal 17 (SIGCHLD) received from 27
2024/03/26 14:37:41 [notice] 1#1: worker process 20 exited with code 0
2024/03/26 14:37:41 [notice] 1#1: worker process 25 exited with code 0
2024/03/26 14:37:41 [notice] 1#1: worker process 26 exited with code 0
2024/03/26 14:37:41 [notice] 1#1: worker process 27 exited with code 0
2024/03/26 14:37:41 [notice] 1#1: exit
2024/03/26 14:38:55 [notice] 1#1: using the "epoll" event method
2024/03/26 14:38:55 [notice] 1#1: nginx/1.25.2
2024/03/26 14:38:55 [notice] 1#1: built by gcc 12.2.1 20220924 (Alpine 12.2.1_git20220924-r10) 
2024/03/26 14:38:55 [notice] 1#1: OS: Linux 6.4.16-linuxkit
2024/03/26 14:38:55 [notice] 1#1: getrlimit(RLIMIT_NOFILE): 1048576:1048576
2024/03/26 14:38:55 [notice] 1#1: start worker processes
2024/03/26 14:38:55 [notice] 1#1: start worker process 20
2024/03/26 14:38:55 [notice] 1#1: start worker process 21
2024/03/26 14:38:55 [notice] 1#1: start worker process 22
2024/03/26 14:38:55 [notice] 1#1: start worker process 23
2024/03/26 14:38:55 [notice] 1#1: start worker process 24
2024/03/26 14:38:55 [notice] 1#1: start worker process 25
2024/03/26 14:38:55 [notice] 1#1: start worker process 26
2024/03/26 14:38:55 [notice] 1#1: start worker process 27
2024/03/26 14:38:55 [notice] 1#1: start worker process 28
2024/03/26 14:38:55 [notice] 1#1: start worker process 29
